app/build/intermediates/manifest_merge_blame_file/debug/manifest-merger-blame-debug-report.txt
1<?xml version="1.0" encoding="utf-8"?>
2<manifest xmlns:android="http://schemas.android.com/apk/res/android"
3    package="com.example.meuapp"
4    android:versionCode="1"
5    android:versionName="1.0" >
6
7    <uses-sdk
8        android:minSdkVersion="16"
8-->src/main/AndroidManifest.xml
9        android:targetSdkVersion="30" />
9-->src/main/AndroidManifest.xml
10
11    <uses-permission android:name="android.permission.INTERNET" />
11-->src/main/AndroidManifest.xml:5:5-66
11-->src/main/AndroidManifest.xml:5:22-64
12
13    <application
13-->src/main/AndroidManifest.xml:7:5-25:19
14        android:allowBackup="true"
14-->src/main/AndroidManifest.xml:8:9-35
15        android:appComponentFactory="androidx.core.app.CoreComponentFactory"
15-->[androidx.core:core:1.3.1] AndroidManifest.xml:24:18-86
16        android:debuggable="true"
17        android:icon="@mipmap/ic_launcher"
17-->src/main/AndroidManifest.xml:9:9-43
18        android:label="@string/app_name"
18-->src/main/AndroidManifest.xml:10:9-41
19        android:roundIcon="@mipmap/ic_launcher_round"
19-->src/main/AndroidManifest.xml:11:9-54
20        android:supportsRtl="true"
20-->src/main/AndroidManifest.xml:12:9-35
21        android:testOnly="true"
22        android:theme="@style/AppTheme"
22-->src/main/AndroidManifest.xml:13:9-40
23        android:usesCleartextTraffic="true" >
23-->src/main/AndroidManifest.xml:14:9-44
24        <activity android:name="com.example.meuapp.activities.TelaFeed" />
24-->src/main/AndroidManifest.xml:15:9-66
24-->src/main/AndroidManifest.xml:15:19-54
25        <activity android:name="com.example.meuapp.activities.AtividadeCadastro" />
25-->src/main/AndroidManifest.xml:16:9-66
25-->src/main/AndroidManifest.xml:16:19-63
26        <activity android:name="com.example.meuapp.activities.AtividadeLogin" />
26-->src/main/AndroidManifest.xml:17:9-63
26-->src/main/AndroidManifest.xml:17:19-60
27        <activity android:name="com.example.meuapp.activities.AtividadePrincipal" >
27-->src/main/AndroidManifest.xml:18:9-24:20
27-->src/main/AndroidManifest.xml:18:19-64
28            <intent-filter>
28-->src/main/AndroidManifest.xml:19:13-23:29
29                <action android:name="android.intent.action.MAIN" />
29-->src/main/AndroidManifest.xml:20:17-69
29-->src/main/AndroidManifest.xml:20:25-66
30
31                <category android:name="android.intent.category.LAUNCHER" />
31-->src/main/AndroidManifest.xml:22:17-77
31-->src/main/AndroidManifest.xml:22:27-74
32            </intent-filter>
33        </activity>
34
35        <service
35-->[androidx.room:room-runtime:2.2.3] AndroidManifest.xml:25:9-27:40
36            android:name="androidx.room.MultiInstanceInvalidationService"
36-->[androidx.room:room-runtime:2.2.3] AndroidManifest.xml:26:13-74
37            android:exported="false" />
37-->[androidx.room:room-runtime:2.2.3] AndroidManifest.xml:27:13-37
38    </application>
39
40</manifest>